# JRE version: Java(TM) SE Runtime Environment (7.0_72-b14) (build 1.7.0_72-b14)
# Java VM: Java HotSpot(TM) 64-Bit Server VM (24.72-b04 mixed mode linux-amd64 compressed oops)
Heap
 PSYoungGen      total 176128K, used 167457K [0x00000000eb700000, 0x00000000f7e00000, 0x0000000100000000)
  eden space 163840K, 100% used [0x00000000eb700000,0x00000000f5700000,0x00000000f5700000)
  from space 12288K, 29% used [0x00000000f7200000,0x00000000f75887e8,0x00000000f7e00000)
  to   space 19968K, 0% used [0x00000000f5700000,0x00000000f5700000,0x00000000f6a80000)
 ParOldGen       total 71168K, used 48074K [0x00000000c2600000, 0x00000000c6b80000, 0x00000000eb700000)
  object space 71168K, 67% used [0x00000000c2600000,0x00000000c54f2820,0x00000000c6b80000)
 PSPermGen       total 78336K, used 48450K [0x00000000bd400000, 0x00000000c2080000, 0x00000000c2600000)
  object space 78336K, 61% used [0x00000000bd400000,0x00000000c0350808,0x00000000c2080000)
GC Heap History (10 events):
Event: 141.167 GC heap before
{Heap before GC invocations=11 (full 0):
 PSYoungGen      total 216576K, used 212279K [0x00000000eb700000, 0x00000000fa300000, 0x0000000100000000)
  eden space 196096K, 100% used [0x00000000eb700000,0x00000000f7680000,0x00000000f7680000)
  from space 20480K, 79% used [0x00000000f8c00000,0x00000000f9bcddc0,0x00000000fa000000)
  to   space 22016K, 0% used [0x00000000f7680000,0x00000000f7680000,0x00000000f8c00000)
 ParOldGen       total 41984K, used 29427K [0x00000000c2600000, 0x00000000c4f00000, 0x00000000eb700000)
  object space 41984K, 70% used [0x00000000c2600000,0x00000000c42bced0,0x00000000c4f00000)
 PSPermGen       total 39424K, used 39114K [0x00000000bd400000, 0x00000000bfa80000, 0x00000000c2600000)
  object space 39424K, 99% used [0x00000000bd400000,0x00000000bfa32a68,0x00000000bfa80000)
Event: 141.193 GC heap after
Heap after GC invocations=11 (full 0):
 PSYoungGen      total 198144K, used 10246K [0x00000000eb700000, 0x00000000f9800000, 0x0000000100000000)
  eden space 187392K, 0% used [0x00000000eb700000,0x00000000eb700000,0x00000000f6e00000)
  from space 10752K, 95% used [0x00000000f7680000,0x00000000f8081870,0x00000000f8100000)
  to   space 21504K, 0% used [0x00000000f8300000,0x00000000f8300000,0x00000000f9800000)
 ParOldGen       total 41984K, used 41302K [0x00000000c2600000, 0x00000000c4f00000, 0x00000000eb700000)
  object space 41984K, 98% used [0x00000000c2600000,0x00000000c4e55918,0x00000000c4f00000)
 PSPermGen       total 39424K, used 39114K [0x00000000bd400000, 0x00000000bfa80000, 0x00000000c2600000)
  object space 39424K, 99% used [0x00000000bd400000,0x00000000bfa32a68,0x00000000bfa80000)
}
Event: 141.215 GC heap before
{Heap before GC invocations=12 (full 1):
 PSYoungGen      total 198144K, used 10246K [0x00000000eb700000, 0x00000000f9800000, 0x0000000100000000)
  eden space 187392K, 0% used [0x00000000eb700000,0x00000000eb700000,0x00000000f6e00000)
  from space 10752K, 95% used [0x00000000f7680000,0x00000000f8081870,0x00000000f8100000)
  to   space 21504K, 0% used [0x00000000f8300000,0x00000000f8300000,0x00000000f9800000)
 ParOldGen       total 41984K, used 41302K [0x00000000c2600000, 0x00000000c4f00000, 0x00000000eb700000)
  object space 41984K, 98% used [0x00000000c2600000,0x00000000c4e55918,0x00000000c4f00000)
 PSPermGen       total 39424K, used 39114K [0x00000000bd400000, 0x00000000bfa80000, 0x00000000c2600000)
  object space 39424K, 99% used [0x00000000bd400000,0x00000000bfa32a68,0x00000000bfa80000)
Event: 141.491 GC heap after
Heap after GC invocations=12 (full 1):
 PSYoungGen      total 198144K, used 0K [0x00000000eb700000, 0x00000000f9800000, 0x0000000100000000)
  eden space 187392K, 0% used [0x00000000eb700000,0x00000000eb700000,0x00000000f6e00000)
  from space 10752K, 0% used [0x00000000f7680000,0x00000000f7680000,0x00000000f8100000)
  to   space 21504K, 0% used [0x00000000f8300000,0x00000000f8300000,0x00000000f9800000)
 ParOldGen       total 71168K, used 40051K [0x00000000c2600000, 0x00000000c6b80000, 0x00000000eb700000)
  object space 71168K, 56% used [0x00000000c2600000,0x00000000c4d1ce08,0x00000000c6b80000)
 PSPermGen       total 78336K, used 39097K [0x00000000bd400000, 0x00000000c2080000, 0x00000000c2600000)
  object space 78336K, 49% used [0x00000000bd400000,0x00000000bfa2e420,0x00000000c2080000)
}
Event: 169.484 GC heap before
{Heap before GC invocations=13 (full 1):
 PSYoungGen      total 198144K, used 187392K [0x00000000eb700000, 0x00000000f9800000, 0x0000000100000000)
  eden space 187392K, 100% used [0x00000000eb700000,0x00000000f6e00000,0x00000000f6e00000)
  from space 10752K, 0% used [0x00000000f7680000,0x00000000f7680000,0x00000000f8100000)
  to   space 21504K, 0% used [0x00000000f8300000,0x00000000f8300000,0x00000000f9800000)
 ParOldGen       total 71168K, used 40051K [0x00000000c2600000, 0x00000000c6b80000, 0x00000000eb700000)
  object space 71168K, 56% used [0x00000000c2600000,0x00000000c4d1ce08,0x00000000c6b80000)
 PSPermGen       total 78336K, used 44529K [0x00000000bd400000, 0x00000000c2080000, 0x00000000c2600000)
  object space 78336K, 56% used [0x00000000bd400000,0x00000000bff7c6a8,0x00000000c2080000)
Event: 169.513 GC heap after
Heap after GC invocations=13 (full 1):
 PSYoungGen      total 191488K, used 11570K [0x00000000eb700000, 0x00000000f8f00000, 0x0000000100000000)
  eden space 179200K, 0% used [0x00000000eb700000,0x00000000eb700000,0x00000000f6600000)
  from space 12288K, 94% used [0x00000000f8300000,0x00000000f8e4c8b8,0x00000000f8f00000)
  to   space 20992K, 0% used [0x00000000f6600000,0x00000000f6600000,0x00000000f7a80000)
 ParOldGen       total 71168K, used 40059K [0x00000000c2600000, 0x00000000c6b80000, 0x00000000eb700000)
  object space 71168K, 56% used [0x00000000c2600000,0x00000000c4d1ee08,0x00000000c6b80000)
 PSPermGen       total 78336K, used 44529K [0x00000000bd400000, 0x00000000c2080000, 0x00000000c2600000)
  object space 78336K, 56% used [0x00000000bd400000,0x00000000bff7c6a8,0x00000000c2080000)
}
Event: 174.798 GC heap before
{Heap before GC invocations=14 (full 1):
 PSYoungGen      total 191488K, used 190770K [0x00000000eb700000, 0x00000000f8f00000, 0x0000000100000000)
  eden space 179200K, 100% used [0x00000000eb700000,0x00000000f6600000,0x00000000f6600000)
  from space 12288K, 94% used [0x00000000f8300000,0x00000000f8e4c8b8,0x00000000f8f00000)
  to   space 20992K, 0% used [0x00000000f6600000,0x00000000f6600000,0x00000000f7a80000)
 ParOldGen       total 71168K, used 40059K [0x00000000c2600000, 0x00000000c6b80000, 0x00000000eb700000)
  object space 71168K, 56% used [0x00000000c2600000,0x00000000c4d1ee08,0x00000000c6b80000)
 PSPermGen       total 78336K, used 45698K [0x00000000bd400000, 0x00000000c2080000, 0x00000000c2600000)
  object space 78336K, 58% used [0x00000000bd400000,0x00000000c00a0a58,0x00000000c2080000)
Event: 174.822 GC heap after
Heap after GC invocations=14 (full 1):
 PSYoungGen      total 180736K, used 9072K [0x00000000eb700000, 0x00000000f8580000, 0x0000000100000000)
  eden space 171520K, 0% used [0x00000000eb700000,0x00000000eb700000,0x00000000f5e80000)
  from space 9216K, 98% used [0x00000000f6600000,0x00000000f6edc390,0x00000000f6f00000)
  to   space 19968K, 0% used [0x00000000f7200000,0x00000000f7200000,0x00000000f8580000)
 ParOldGen       total 71168K, used 46926K [0x00000000c2600000, 0x00000000c6b80000, 0x00000000eb700000)
  object space 71168K, 65% used [0x00000000c2600000,0x00000000c53d38c0,0x00000000c6b80000)
 PSPermGen       total 78336K, used 45698K [0x00000000bd400000, 0x00000000c2080000, 0x00000000c2600000)
  object space 78336K, 58% used [0x00000000bd400000,0x00000000c00a0a58,0x00000000c2080000)
}
Event: 315.719 GC heap before
{Heap before GC invocations=15 (full 1):
 PSYoungGen      total 180736K, used 180592K [0x00000000eb700000, 0x00000000f8580000, 0x0000000100000000)
  eden space 171520K, 100% used [0x00000000eb700000,0x00000000f5e80000,0x00000000f5e80000)
  from space 9216K, 98% used [0x00000000f6600000,0x00000000f6edc390,0x00000000f6f00000)
  to   space 19968K, 0% used [0x00000000f7200000,0x00000000f7200000,0x00000000f8580000)
 ParOldGen       total 71168K, used 46926K [0x00000000c2600000, 0x00000000c6b80000, 0x00000000eb700000)
  object space 71168K, 65% used [0x00000000c2600000,0x00000000c53d38c0,0x00000000c6b80000)
 PSPermGen       total 78336K, used 45905K [0x00000000bd400000, 0x00000000c2080000, 0x00000000c2600000)
  object space 78336K, 58% used [0x00000000bd400000,0x00000000c00d4690,0x00000000c2080000)
Event: 315.729 GC heap after
Heap after GC invocations=15 (full 1):
 PSYoungGen      total 176128K, used 3617K [0x00000000eb700000, 0x00000000f7e00000, 0x0000000100000000)
  eden space 163840K, 0% used [0x00000000eb700000,0x00000000eb700000,0x00000000f5700000)
  from space 12288K, 29% used [0x00000000f7200000,0x00000000f75887e8,0x00000000f7e00000)
  to   space 19968K, 0% used [0x00000000f5700000,0x00000000f5700000,0x00000000f6a80000)
 ParOldGen       total 71168K, used 48074K [0x00000000c2600000, 0x00000000c6b80000, 0x00000000eb700000)
  object space 71168K, 67% used [0x00000000c2600000,0x00000000c54f2820,0x00000000c6b80000)
 PSPermGen       total 78336K, used 45905K [0x00000000bd400000, 0x00000000c2080000, 0x00000000c2600000)
  object space 78336K, 58% used [0x00000000bd400000,0x00000000c00d4690,0x00000000c2080000)
}

